生成启动时间为 2016/5/20 23:07:48。
     1>项目“F:\Codes\C++\TraceSimilarity\C\ParamOptimizer\ParamOptimizer.vcxproj”在节点 3 上(Rebuild 个目标)。
     1>ClCompile:
         D:\编程\VS2015\VC\bin\CL.exe /c /I"F:\Softwares&VMWares\boost_1_60_0\boost_1_60_0" /ZI /nologo /W3 /WX- /sdl /Od /Oy- /D WIN32 /D _DEBUG /D _WINDOWS /D _SCL_SECURE_NO_WARNINGS /D _CRT_SECURE_NO_WARNINGS /D _UNICODE /D UNICODE /Gm /EHsc /RTC1 /MDd /GS /fp:precise /Zc:wchar_t /Zc:forScope /Zc:inline /Fo"Debug\\" /Fd"Debug\vc140.pdb" /Gd /TP /analyze- /errorReport:prompt main.cpp xNES.cpp
         xNES.cpp
     1>f:\codes\c++\tracesimilarity\c\paramoptimizer\xnes.cpp(87): warning C4244: “初始化”: 从“double”转换到“int”，可能丢失数据
     1>f:\codes\c++\tracesimilarity\c\paramoptimizer\xnes.cpp(88): warning C4244: “初始化”: 从“double”转换到“int”，可能丢失数据
     1>f:\codes\c++\tracesimilarity\c\paramoptimizer\xnes.cpp(92): warning C4244: “初始化”: 从“double”转换到“int”，可能丢失数据
     1>f:\codes\c++\tracesimilarity\c\paramoptimizer\xnes.cpp(129): warning C4244: “+=”: 从“double”转换到“int”，可能丢失数据
     1>d:\编程\vs2015\vc\include\numeric(20): warning C4244: “=”: 从“double”转换到“int”，可能丢失数据
         d:\编程\vs2015\vc\include\numeric(30): note: 参见对正在编译的函数 模板 实例化“_Ty std::_Accumulate<std::pair<double,double>*,_Ty,_Fn2>(_InIt,_InIt,_Ty,_Fn2)”的引用
                 with
                 [
                     _Ty=int,
                     _Fn2=xNES::<lambda_86654e397ff03d96cca05cf74824b242>,
                     _InIt=std::pair<double,double> *
                 ]
         f:\codes\c++\tracesimilarity\c\paramoptimizer\xnes.cpp(125): note: 参见对正在编译的函数 模板 实例化“_Ty std::accumulate<std::_Vector_iterator<std::_Vector_val<std::_Simple_types<std::pair<double,double>>>>,int,xNES::<lambda_86654e397ff03d96cca05cf74824b242>>(_InIt,_InIt,_Ty,_Fn2)”的引用
                 with
                 [
                     _Ty=int,
                     _InIt=std::_Vector_iterator<std::_Vector_val<std::_Simple_types<std::pair<double,double>>>>,
                     _Fn2=xNES::<lambda_86654e397ff03d96cca05cf74824b242>
                 ]
         main.cpp
         正在生成代码...
       Link:
         D:\编程\VS2015\VC\bin\link.exe /ERRORREPORT:PROMPT /OUT:"F:\Codes\C++\TraceSimilarity\C\Debug\ParamOptimizer.exe" /INCREMENTAL /NOLOGO /LIBPATH:"F:\Softwares&VMWares\boost_1_60_0\boost_1_60_0\stage\lib" kernel32.lib user32.lib gdi32.lib winspool.lib comdlg32.lib advapi32.lib shell32.lib ole32.lib oleaut32.lib uuid.lib odbc32.lib odbccp32.lib /MANIFEST /MANIFESTUAC:"level='asInvoker' uiAccess='false'" /manifest:embed /Debug /PDB:"F:\Codes\C++\TraceSimilarity\C\Debug\ParamOptimizer.pdb" /SUBSYSTEM:CONSOLE /TLBID:1 /DYNAMICBASE /NXCOMPAT /IMPLIB:"F:\Codes\C++\TraceSimilarity\C\Debug\ParamOptimizer.lib" /MACHINE:X86 Debug\main.obj
         Debug\xNES.obj
         ParamOptimizer.vcxproj -> F:\Codes\C++\TraceSimilarity\C\Debug\ParamOptimizer.exe
     1>已完成生成项目“F:\Codes\C++\TraceSimilarity\C\ParamOptimizer\ParamOptimizer.vcxproj”(Rebuild 个目标)的操作。

已成功生成。

已用时间 00:00:13.07
